Crear Usuario -2019-09-07 23:14:30-SQLSTATE[23000]: Integrity constraint violation: 1048 Column 'th_estado' cannot be null REQUEST UPDATE tipo_habitacion SET  th_nombre_tipo = ?, th_descripcion = ?,th_valor_hora = ?, th_valor_persona_adicional = ?, th_estado = ? WHERE id_habitacion = ?  VALORES Premium||dsa||2||3||||1
Crear Usuario -2019-09-07 23:22:07-SQLSTATE[23000]: Integrity constraint violation: 1062 Duplicate entry 'Premium2' for key 'th_nombre_tipo' REQUEST UPDATE tipo_habitacion SET  th_nombre_tipo = ?, th_descripcion = ?,th_valor_hora = ?, th_valor_persona_adicional = ?, th_estado = ? WHERE id_habitacion = ?  VALORES Premium2||dsa||3||3||1||1
Crear Usuario -2019-09-07 23:22:21-SQLSTATE[23000]: Integrity constraint violation: 1062 Duplicate entry 'Premium2' for key 'th_nombre_tipo' REQUEST UPDATE tipo_habitacion SET  th_nombre_tipo = ?, th_descripcion = ?,th_valor_hora = ?, th_valor_persona_adicional = ?, th_estado = ? WHERE id_habitacion = ?  VALORES Premium2||dsa||3||3||1||1
Crear Usuario -2019-09-07 23:22:23-SQLSTATE[23000]: Integrity constraint violation: 1062 Duplicate entry 'Premium2' for key 'th_nombre_tipo' REQUEST UPDATE tipo_habitacion SET  th_nombre_tipo = ?, th_descripcion = ?,th_valor_hora = ?, th_valor_persona_adicional = ?, th_estado = ? WHERE id_habitacion = ?  VALORES Premium2||dsa||3||3||1||1
Crear Usuario -2019-09-07 23:23:34-SQLSTATE[23000]: Integrity constraint violation: 1062 Duplicate entry 'Premium2' for key 'th_nombre_tipo' REQUEST UPDATE tipo_habitacion SET  th_nombre_tipo = ?, th_descripcion = ?,th_valor_hora = ?, th_valor_persona_adicional = ?, th_estado = ? WHERE id_habitacion = ?  VALORES Premium2||dsa||3||3||1||1
Crear Usuario -2019-09-07 23:25:45-SQLSTATE[23000]: Integrity constraint violation: 1062 Duplicate entry 'Premium2' for key 'th_nombre_tipo' REQUEST UPDATE tipo_habitacion SET  th_nombre_tipo = ?, th_descripcion = ?,th_valor_hora = ?, th_valor_persona_adicional = ?, th_estado = ? WHERE id_habitacion = ?  VALORES Premium2||Cama doble para tiki tiki||20000||12000||1||1
Crear Usuario -2019-09-08 00:04:57-SQLSTATE[23000]: Integrity constraint violation: 1062 Duplicate entry 'Premium2' for key 'th_nombre_tipo' REQUEST UPDATE tipo_habitacion SET  th_nombre_tipo = ?, th_descripcion = ?,th_valor_hora = ?, th_valor_persona_adicional = ?, th_estado = ? WHERE id_tipo_habitacion = ?  VALORES Premium2||Cama doble para tiki tiki||20000||12000||1||1
Crear Usuario -2019-09-08 00:27:05-SQLSTATE[21S01]: Insert value list does not match column list: 1136 Column count doesn't match value count at row 1 REQUEST INSERT INTO tipo_habitacion( id_tipo_habitacion,th_nombre_tipo,th_descripcion,th_valor_hora,th_valor_persona_adicional,th_estado,th_fecha_creacion) VALUES (?,?,?,?,?,?) VALORES ||||||||1||2019-09-08
Crear Usuario -2019-09-08 00:29:48-SQLSTATE[22007]: Invalid datetime format: 1366 Incorrect integer value: '' for column `villa_campestre`.`habitacion`.`id_tipo_habitacion` at row 1 REQUEST INSERT INTO habitacion( hab_numero,id_tipo_habitacion,hab_detalle,hab_fecha_creacion,hab_estado) VALUES (?,?,?,?,?) VALORES 2||||||2019-09-08||1
Crear SQL SELECT -2019-09-08 02:49:15-SQLSTATE[42S02]: Base table or view not found: 1146 Table 'villa_campestre.tipo_habitacion' doesn't exist REQUEST SELECT id_tipo_habitacion FROM tipo_habitacion WHERE th_nombre_tipo = ?  VALORES 
Crear SQL SELECT -2019-09-08 02:49:28-SQLSTATE[42S02]: Base table or view not found: 1146 Table 'villa_campestre.tipo_habitacion' doesn't exist REQUEST SELECT id_tipo_habitacion FROM tipo_habitacion WHERE th_nombre_tipo = ?  VALORES 
Crear SQL SELECT -2019-09-08 02:49:33-SQLSTATE[42S02]: Base table or view not found: 1146 Table 'villa_campestre.tipo_habitacion' doesn't exist REQUEST SELECT id_tipo_habitacion FROM tipo_habitacion WHERE th_nombre_tipo = ?  VALORES 
Crear SQL SELECT -2019-09-08 03:06:01-SQLSTATE[42S02]: Base table or view not found: 1146 Table 'villa_campestre.tipo_habitacion' doesn't exist REQUEST SELECT id_tipo_habitacion FROM tipo_habitacion WHERE th_nombre_tipo = ?  VALORES holsa
Crear Usuario -2019-09-08 03:06:01-SQLSTATE[42S02]: Base table or view not found: 1146 Table 'villa_campestre.tipo_habitacion' doesn't exist REQUEST INSERT INTO tipo_habitacion() VALUES (?,?,?,?,?,?) VALORES holsa||sodinv||22:00||21312||1||2019-09-08
Crear SQL SELECT -2019-09-08 03:06:37-SQLSTATE[42S02]: Base table or view not found: 1146 Table 'villa_campestre.tipo_habitacion' doesn't exist REQUEST SELECT id_tipo_habitacion FROM tipo_habitacion WHERE th_nombre_tipo = ?  VALORES holsa
Crear Usuario -2019-09-08 03:06:37-SQLSTATE[42S02]: Base table or view not found: 1146 Table 'villa_campestre.tipo_habitacion' doesn't exist REQUEST INSERT INTO tipo_habitacion() VALUES (?,?,?,?,?,?) VALORES holsa||sodinv||22:00||21312||1||2019-09-08
Crear SQL SELECT -2019-09-08 03:11:35-SQLSTATE[42S02]: Base table or view not found: 1146 Table 'villa_campestre.tipo_habitacion' doesn't exist REQUEST SELECT id_tipo_habitacion FROM tipo_habitacion WHERE th_nombre_tipo = ?  VALORES holsa
Crear Usuario -2019-09-08 03:11:35-SQLSTATE[42S02]: Base table or view not found: 1146 Table 'villa_campestre.tipo_habitacion' doesn't exist REQUEST INSERT INTO tipo_habitacion() VALUES (?,?,?,?,?,?) VALORES holsa||sodinv||22:00||21312||1||2019-09-08
Crear SQL SELECT -2019-09-08 03:29:09-SQLSTATE[42S02]: Base table or view not found: 1146 Table 'villa_campestre.tipo_habitacion' doesn't exist REQUEST SELECT * FROM tipo_habitacion WHERE 1 = ? AND th_estado = ? VALORES 1||1
Crear SQL SELECT -2019-09-08 03:31:16-SQLSTATE[42S02]: Base table or view not found: 1146 Table 'villa_campestre.tipo_habitacion' doesn't exist REQUEST SELECT id_tipo_habitacion FROM tipo_habitacion WHERE th_nombre_tipo = ?  VALORES premiun
Crear Usuario -2019-09-08 03:31:16-SQLSTATE[42S02]: Base table or view not found: 1146 Table 'villa_campestre.tipo_habitacion' doesn't exist REQUEST INSERT INTO tipo_habitacion() VALUES (?,?,?,?,?,?) VALORES premiun||la premiun||23:00||12312||1||2019-09-08
Crear SQL SELECT -2019-09-08 03:31:38-SQLSTATE[42S02]: Base table or view not found: 1146 Table 'villa_campestre.tipo_habitacion' doesn't exist REQUEST SELECT * FROM tipo_habitacion WHERE 1 = ? AND th_estado = ? VALORES 1||1
Crear SQL SELECT -2019-09-08 03:31:52-SQLSTATE[42S02]: Base table or view not found: 1146 Table 'villa_campestre.tipo_habitacion' doesn't exist REQUEST SELECT id_tipo_habitacion FROM tipo_habitacion WHERE th_nombre_tipo = ?  VALORES premiun
Crear Usuario -2019-09-08 03:31:52-SQLSTATE[42S02]: Base table or view not found: 1146 Table 'villa_campestre.tipo_habitacion' doesn't exist REQUEST INSERT INTO tipo_habitacion() VALUES (?,?,?,?,?,?) VALORES premiun||la premiun||1312||12412||1||2019-09-08
Crear SQL SELECT -2019-09-08 03:39:42-SQLSTATE[42S02]: Base table or view not found: 1146 Table 'villa_campestre.tipo_habitacion' doesn't exist REQUEST SELECT * FROM tipo_habitacion WHERE 1 = ? AND th_estado = ? VALORES 1||1
Crear SQL SELECT -2019-09-08 03:45:16-SQLSTATE[42S02]: Base table or view not found: 1146 Table 'villa_campestre.tipo_habitacion' doesn't exist REQUEST SELECT * FROM tipo_habitacion WHERE 1 = ? AND th_estado = ? VALORES 1||1
Crear SQL SELECT -2019-09-08 03:47:29-SQLSTATE[42S02]: Base table or view not found: 1146 Table 'villa_campestre.tipo_habitacion' doesn't exist REQUEST SELECT * FROM tipo_habitacion WHERE 1 = ? AND th_estado = ? VALORES 1||1
Crear SQL SELECT -2019-09-08 03:47:29-SQLSTATE[42S02]: Base table or view not found: 1146 Table 'villa_campestre.habitacion' doesn't exist REQUEST SELECT MAX(hab_numero) as numero_actual FROM habitacion VALORES 
Crear SQL SELECT -2019-09-08 03:47:55-SQLSTATE[42S02]: Base table or view not found: 1146 Table 'villa_campestre.tipo_habitacion' doesn't exist REQUEST SELECT * FROM tipo_habitacion WHERE 1 = ? AND th_estado = ? VALORES 1||1
Crear SQL SELECT -2019-09-08 03:47:55-SQLSTATE[42S02]: Base table or view not found: 1146 Table 'villa_campestre.habitacion' doesn't exist REQUEST SELECT MAX(hab_numero) as numero_actual FROM habitacion VALORES 
Crear SQL SELECT -2019-09-08 03:48:29-SQLSTATE[42S02]: Base table or view not found: 1146 Table 'villa_campestre.tipo_habitacion' doesn't exist REQUEST SELECT * FROM tipo_habitacion WHERE 1 = ? AND th_estado = ? VALORES 1||1
Crear SQL SELECT -2019-09-08 03:48:29-SQLSTATE[42S02]: Base table or view not found: 1146 Table 'villa_campestre.habitacion' doesn't exist REQUEST SELECT MAX(hab_numero) as numero_actual FROM habitacion VALORES 
